<?xml version="1.0" encoding="UTF-8"?>
<testsuites name="header_footer_test_suite" time="24" tests="1" failures="1" errors="0">
   <testsuite name="header_footer_test_suite" tests="1" failures="1" errors="0" time="24" timestamp="2019-03-29 17:20:55" hostname="SilburyUser - DESKTOP-1NQG59P" id="Test Suites/header_footer_test_suite">
      <properties>
         <property name="deviceName" value=""/>
         <property name="devicePlatform" value=""/>
         <property name="logFolder" value="D:\\nsyed\\workspace\\Katalon Studio\\publicare-testcases\\publicare-testcases\\Reports\\header_footer_test_suite\\20190329_171927"/>
         <property name="logFiles" value="D:\\nsyed\\workspace\\Katalon Studio\\publicare-testcases\\publicare-testcases\\Reports\\header_footer_test_suite\\20190329_171927\\execution0.log"/>
         <property name="attachments" value="D:\\nsyed\\workspace\\Katalon Studio\\publicare-testcases\\publicare-testcases\\Reports\\header_footer_test_suite\\20190329_171927\\1553860265509.png"/>
         <property name="hostName" value="SilburyUser - DESKTOP-1NQG59P"/>
         <property name="os" value="Windows 10 64bit"/>
         <property name="katalonVersion" value="6.0.5.10"/>
         <property name="browser" value="Chrome 73.0.3683.86"/>
         <property name="hostAddress" value="169.254.43.166"/>
         <property name="sessionId" value="268b00b3fc062e39ab6ae9a0289bcbfe"/>
         <property name="seleniumVersion" value="3.7.1"/>
         <property name="proxyInformation" value="ProxyInformation{proxyOption=NO_PROXY, proxyServerType=HTTP, password=, proxyServerAddress=, proxyServerPort=0}"/>
         <property name="platform" value="Windows 10"/>
      </properties>
      <testcase name="Test Cases/header" classname="Test Cases/header" status="FAILED">
         <failure type="FAILED" message="Test Cases/header FAILED.
Reason:
com.kms.katalon.core.exception.StepFailedException: Unable to click on object
	at com.kms.katalon.core.keyword.internal.KeywordMain.stepFailed(KeywordMain.groovy:48)
	at com.kms.katalon.core.webui.keyword.internal.WebUIKeywordMain.stepFailed(WebUIKeywordMain.groovy:65)
	at com.kms.katalon.core.webui.keyword.internal.WebUIKeywordMain.runKeyword(WebUIKeywordMain.groovy:27)
	at com.kms.katalon.core.webui.keyword.builtin.ClickKeyword.click(ClickKeyword.groovy:86)
	at com.kms.katalon.core.webui.keyword.builtin.ClickKeyword.execute(ClickKeyword.groovy:67)
	at com.kms.katalon.core.keyword.internal.KeywordExecutor.executeKeywordForPlatform(KeywordExecutor.groovy:56)
	at com.kms.katalon.core.webui.keyword.WebUiBuiltInKeywords.click(WebUiBuiltInKeywords.groovy:616)
	at com.kms.katalon.core.webui.keyword.WebUiBuiltInKeywords$click$1.call(Unknown Source)
	at header.run(header:20)
	at com.kms.katalon.core.main.ScriptEngine.run(ScriptEngine.java:194)
	at com.kms.katalon.core.main.ScriptEngine.runScriptAsRawText(ScriptEngine.java:119)
	at com.kms.katalon.core.main.TestCaseExecutor.runScript(TestCaseExecutor.java:331)
	at com.kms.katalon.core.main.TestCaseExecutor.doExecute(TestCaseExecutor.java:322)
	at com.kms.katalon.core.main.TestCaseExecutor.processExecutionPhase(TestCaseExecutor.java:301)
	at com.kms.katalon.core.main.TestCaseExecutor.accessMainPhase(TestCaseExecutor.java:293)
	at com.kms.katalon.core.main.TestCaseExecutor.execute(TestCaseExecutor.java:227)
	at com.kms.katalon.core.main.TestSuiteExecutor.accessTestCaseMainPhase(TestSuiteExecutor.java:129)
	at com.kms.katalon.core.main.TestSuiteExecutor.accessTestSuiteMainPhase(TestSuiteExecutor.java:112)
	at com.kms.katalon.core.main.TestSuiteExecutor.execute(TestSuiteExecutor.java:81)
	at com.kms.katalon.core.main.TestCaseMain.startTestSuite(TestCaseMain.java:157)
	at com.kms.katalon.core.main.TestCaseMain$startTestSuite$0.call(Unknown Source)
	at TempTestSuite1553860167199.run(TempTestSuite1553860167199.groovy:35)
"/>
         <system-out><![CDATA[2019-03-29 17:20:55 - [TEST_CASE][FAILED] - Test Cases/header: Test Cases/header FAILED.
Reason:
com.kms.katalon.core.exception.StepFailedException: Unable to click on object
	at com.kms.katalon.core.keyword.internal.KeywordMain.stepFailed(KeywordMain.groovy:48)
	at com.kms.katalon.core.webui.keyword.internal.WebUIKeywordMain.stepFailed(WebUIKeywordMain.groovy:65)
	at com.kms.katalon.core.webui.keyword.internal.WebUIKeywordMain.runKeyword(WebUIKeywordMain.groovy:27)
	at com.kms.katalon.core.webui.keyword.builtin.ClickKeyword.click(ClickKeyword.groovy:86)
	at com.kms.katalon.core.webui.keyword.builtin.ClickKeyword.execute(ClickKeyword.groovy:67)
	at com.kms.katalon.core.keyword.internal.KeywordExecutor.executeKeywordForPlatform(KeywordExecutor.groovy:56)
	at com.kms.katalon.core.webui.keyword.WebUiBuiltInKeywords.click(WebUiBuiltInKeywords.groovy:616)
	at com.kms.katalon.core.webui.keyword.WebUiBuiltInKeywords$click$1.call(Unknown Source)
	at header.run(header:20)
	at com.kms.katalon.core.main.ScriptEngine.run(ScriptEngine.java:194)
	at com.kms.katalon.core.main.ScriptEngine.runScriptAsRawText(ScriptEngine.java:119)
	at com.kms.katalon.core.main.TestCaseExecutor.runScript(TestCaseExecutor.java:331)
	at com.kms.katalon.core.main.TestCaseExecutor.doExecute(TestCaseExecutor.java:322)
	at com.kms.katalon.core.main.TestCaseExecutor.processExecutionPhase(TestCaseExecutor.java:301)
	at com.kms.katalon.core.main.TestCaseExecutor.accessMainPhase(TestCaseExecutor.java:293)
	at com.kms.katalon.core.main.TestCaseExecutor.execute(TestCaseExecutor.java:227)
	at com.kms.katalon.core.main.TestSuiteExecutor.accessTestCaseMainPhase(TestSuiteExecutor.java:129)
	at com.kms.katalon.core.main.TestSuiteExecutor.accessTestSuiteMainPhase(TestSuiteExecutor.java:112)
	at com.kms.katalon.core.main.TestSuiteExecutor.execute(TestSuiteExecutor.java:81)
	at com.kms.katalon.core.main.TestCaseMain.startTestSuite(TestCaseMain.java:157)
	at com.kms.katalon.core.main.TestCaseMain$startTestSuite$0.call(Unknown Source)
	at TempTestSuite1553860167199.run(TempTestSuite1553860167199.groovy:35)


2019-03-29 17:20:56 - [TEST_STEP][PASSED] - openBrowser(""): Browser is opened with url: ''

2019-03-29 17:20:56 - [MESSAGE][INFO] - Starting 'Chrome' driver

2019-03-29 17:20:56 - [MESSAGE][INFO] - Action delay is set to 0 seconds

2019-03-29 17:21:01 - [MESSAGE][PASSED] - Browser is opened with url: ''

2019-03-29 17:21:01 - [TEST_STEP][PASSED] - navigateToUrl("https://publicare.ch/de"): Navigate to 'https://publicare.ch/de' successfully

2019-03-29 17:21:05 - [MESSAGE][PASSED] - Navigate to 'https://publicare.ch/de' successfully

2019-03-29 17:21:05 - [TEST_STEP][FAILED] - click(findTestObject("Page_HOME  Publicare/a_ber Publicare")): click(findTestObject("Page_HOME  Publicare/a_ber Publicare")) FAILED.
Reason:
com.kms.katalon.core.exception.StepFailedException: Unable to click on object
	at com.kms.katalon.core.keyword.internal.KeywordMain.stepFailed(KeywordMain.groovy:48)
	at com.kms.katalon.core.webui.keyword.internal.WebUIKeywordMain.stepFailed(WebUIKeywordMain.groovy:65)
	at com.kms.katalon.core.webui.keyword.internal.WebUIKeywordMain.runKeyword(WebUIKeywordMain.groovy:27)
	at com.kms.katalon.core.webui.keyword.builtin.ClickKeyword.click(ClickKeyword.groovy:86)
	at com.kms.katalon.core.webui.keyword.builtin.ClickKeyword.execute(ClickKeyword.groovy:67)
	at com.kms.katalon.core.keyword.internal.KeywordExecutor.executeKeywordForPlatform(KeywordExecutor.groovy:56)
	at com.kms.katalon.core.webui.keyword.WebUiBuiltInKeywords.click(WebUiBuiltInKeywords.groovy:616)
	at com.kms.katalon.core.webui.keyword.WebUiBuiltInKeywords$click$1.call(Unknown Source)
	at header.run(header:20)
	at com.kms.katalon.core.main.ScriptEngine.run(ScriptEngine.java:194)
	at com.kms.katalon.core.main.ScriptEngine.runScriptAsRawText(ScriptEngine.java:119)
	at com.kms.katalon.core.main.TestCaseExecutor.runScript(TestCaseExecutor.java:331)
	at com.kms.katalon.core.main.TestCaseExecutor.doExecute(TestCaseExecutor.java:322)
	at com.kms.katalon.core.main.TestCaseExecutor.processExecutionPhase(TestCaseExecutor.java:301)
	at com.kms.katalon.core.main.TestCaseExecutor.accessMainPhase(TestCaseExecutor.java:293)
	at com.kms.katalon.core.main.TestCaseExecutor.execute(TestCaseExecutor.java:227)
	at com.kms.katalon.core.main.TestSuiteExecutor.accessTestCaseMainPhase(TestSuiteExecutor.java:129)
	at com.kms.katalon.core.main.TestSuiteExecutor.accessTestSuiteMainPhase(TestSuiteExecutor.java:112)
	at com.kms.katalon.core.main.TestSuiteExecutor.execute(TestSuiteExecutor.java:81)
	at com.kms.katalon.core.main.TestCaseMain.startTestSuite(TestCaseMain.java:157)
	at com.kms.katalon.core.main.TestCaseMain$startTestSuite$0.call(Unknown Source)
	at TempTestSuite1553860167199.run(TempTestSuite1553860167199.groovy:35)


2019-03-29 17:21:05 - [MESSAGE][WARNING] - Test object with id 'Object Repository/Page_HOME  Publicare/a_ber Publicare' does not exist

2019-03-29 17:21:05 - [MESSAGE][WARNING] - Test object with id 'Object Repository/' does not exist

2019-03-29 17:21:06 - [MESSAGE][FAILED] - Unable to click on object
[[ATTACHMENT|D:\\nsyed\\workspace\\Katalon Studio\\publicare-testcases\\publicare-testcases\\Reports\\header_footer_test_suite\\20190329_171927\\1553860265509.png]]

2019-03-29 17:21:06 - [MESSAGE][FAILED] - click(findTestObject("Page_HOME  Publicare/a_ber Publicare")) FAILED.
Reason:
com.kms.katalon.core.exception.StepFailedException: Unable to click on object
	at com.kms.katalon.core.keyword.internal.KeywordMain.stepFailed(KeywordMain.groovy:48)
	at com.kms.katalon.core.webui.keyword.internal.WebUIKeywordMain.stepFailed(WebUIKeywordMain.groovy:65)
	at com.kms.katalon.core.webui.keyword.internal.WebUIKeywordMain.runKeyword(WebUIKeywordMain.groovy:27)
	at com.kms.katalon.core.webui.keyword.builtin.ClickKeyword.click(ClickKeyword.groovy:86)
	at com.kms.katalon.core.webui.keyword.builtin.ClickKeyword.execute(ClickKeyword.groovy:67)
	at com.kms.katalon.core.keyword.internal.KeywordExecutor.executeKeywordForPlatform(KeywordExecutor.groovy:56)
	at com.kms.katalon.core.webui.keyword.WebUiBuiltInKeywords.click(WebUiBuiltInKeywords.groovy:616)
	at com.kms.katalon.core.webui.keyword.WebUiBuiltInKeywords$click$1.call(Unknown Source)
	at header.run(header:20)
	at com.kms.katalon.core.main.ScriptEngine.run(ScriptEngine.java:194)
	at com.kms.katalon.core.main.ScriptEngine.runScriptAsRawText(ScriptEngine.java:119)
	at com.kms.katalon.core.main.TestCaseExecutor.runScript(TestCaseExecutor.java:331)
	at com.kms.katalon.core.main.TestCaseExecutor.doExecute(TestCaseExecutor.java:322)
	at com.kms.katalon.core.main.TestCaseExecutor.processExecutionPhase(TestCaseExecutor.java:301)
	at com.kms.katalon.core.main.TestCaseExecutor.accessMainPhase(TestCaseExecutor.java:293)
	at com.kms.katalon.core.main.TestCaseExecutor.execute(TestCaseExecutor.java:227)
	at com.kms.katalon.core.main.TestSuiteExecutor.accessTestCaseMainPhase(TestSuiteExecutor.java:129)
	at com.kms.katalon.core.main.TestSuiteExecutor.accessTestSuiteMainPhase(TestSuiteExecutor.java:112)
	at com.kms.katalon.core.main.TestSuiteExecutor.execute(TestSuiteExecutor.java:81)
	at com.kms.katalon.core.main.TestCaseMain.startTestSuite(TestCaseMain.java:157)
	at com.kms.katalon.core.main.TestCaseMain$startTestSuite$0.call(Unknown Source)
	at TempTestSuite1553860167199.run(TempTestSuite1553860167199.groovy:35)]]></system-out>
         <system-err><![CDATA[2019-03-29 17:20:55 - [TEST_CASE][FAILED] - Test Cases/header: Test Cases/header FAILED.
Reason:
com.kms.katalon.core.exception.StepFailedException: Unable to click on object
	at com.kms.katalon.core.keyword.internal.KeywordMain.stepFailed(KeywordMain.groovy:48)
	at com.kms.katalon.core.webui.keyword.internal.WebUIKeywordMain.stepFailed(WebUIKeywordMain.groovy:65)
	at com.kms.katalon.core.webui.keyword.internal.WebUIKeywordMain.runKeyword(WebUIKeywordMain.groovy:27)
	at com.kms.katalon.core.webui.keyword.builtin.ClickKeyword.click(ClickKeyword.groovy:86)
	at com.kms.katalon.core.webui.keyword.builtin.ClickKeyword.execute(ClickKeyword.groovy:67)
	at com.kms.katalon.core.keyword.internal.KeywordExecutor.executeKeywordForPlatform(KeywordExecutor.groovy:56)
	at com.kms.katalon.core.webui.keyword.WebUiBuiltInKeywords.click(WebUiBuiltInKeywords.groovy:616)
	at com.kms.katalon.core.webui.keyword.WebUiBuiltInKeywords$click$1.call(Unknown Source)
	at header.run(header:20)
	at com.kms.katalon.core.main.ScriptEngine.run(ScriptEngine.java:194)
	at com.kms.katalon.core.main.ScriptEngine.runScriptAsRawText(ScriptEngine.java:119)
	at com.kms.katalon.core.main.TestCaseExecutor.runScript(TestCaseExecutor.java:331)
	at com.kms.katalon.core.main.TestCaseExecutor.doExecute(TestCaseExecutor.java:322)
	at com.kms.katalon.core.main.TestCaseExecutor.processExecutionPhase(TestCaseExecutor.java:301)
	at com.kms.katalon.core.main.TestCaseExecutor.accessMainPhase(TestCaseExecutor.java:293)
	at com.kms.katalon.core.main.TestCaseExecutor.execute(TestCaseExecutor.java:227)
	at com.kms.katalon.core.main.TestSuiteExecutor.accessTestCaseMainPhase(TestSuiteExecutor.java:129)
	at com.kms.katalon.core.main.TestSuiteExecutor.accessTestSuiteMainPhase(TestSuiteExecutor.java:112)
	at com.kms.katalon.core.main.TestSuiteExecutor.execute(TestSuiteExecutor.java:81)
	at com.kms.katalon.core.main.TestCaseMain.startTestSuite(TestCaseMain.java:157)
	at com.kms.katalon.core.main.TestCaseMain$startTestSuite$0.call(Unknown Source)
	at TempTestSuite1553860167199.run(TempTestSuite1553860167199.groovy:35)]]></system-err>
      </testcase>
      <testcase name="Test Cases/footer" classname="Test Cases/footer" status="PASSED">
         <system-out><![CDATA[2019-03-29 17:21:06 - [TEST_CASE][PASSED] - Test Cases/footer: Test Cases/footer

2019-03-29 17:21:06 - [TEST_STEP][PASSED] - openBrowser(""): Browser is opened with url: ''

2019-03-29 17:21:06 - [MESSAGE][WARNING] - A browser is already opened. Closing browser and opening a new one

2019-03-29 17:21:07 - [MESSAGE][INFO] - Starting 'Chrome' driver

2019-03-29 17:21:09 - [MESSAGE][PASSED] - Browser is opened with url: ''

2019-03-29 17:21:09 - [TEST_STEP][PASSED] - navigateToUrl("https://publicare.ch/de"): Navigate to 'https://publicare.ch/de' successfully

2019-03-29 17:21:14 - [MESSAGE][PASSED] - Navigate to 'https://publicare.ch/de' successfully

2019-03-29 17:21:14 - [TEST_STEP][PASSED] - click(findTestObject("Object Repository/footer/Page_HOME  Publicare/a_Kontakt (2)")): Object: 'Object Repository/footer/Page_HOME  Publicare/a_Kontakt (2)' is clicked on

2019-03-29 17:21:14 - [MESSAGE][PASSED] - Object: 'Object Repository/footer/Page_HOME  Publicare/a_Kontakt (2)' is clicked on

2019-03-29 17:21:14 - [TEST_STEP][PASSED] - click(findTestObject("Object Repository/footer/Page_HOME  Publicare/div_Wir beraten Sie kompetent  kostenlos._contact-option__circle (6)")): Object: 'Object Repository/footer/Page_HOME  Publicare/div_Wir beraten Sie kompetent  kostenlos._contact-option__circle (6)' is clicked on

2019-03-29 17:21:14 - [MESSAGE][PASSED] - Object: 'Object Repository/footer/Page_HOME  Publicare/div_Wir beraten Sie kompetent  kostenlos._contact-option__circle (6)' is clicked on

2019-03-29 17:21:14 - [TEST_STEP][PASSED] - click(findTestObject("Object Repository/footer/Page_HOME  Publicare/div_Anrufen_contact-option__circle")): Object: 'Object Repository/footer/Page_HOME  Publicare/div_Anrufen_contact-option__circle' is clicked on

2019-03-29 17:21:16 - [MESSAGE][PASSED] - Object: 'Object Repository/footer/Page_HOME  Publicare/div_Anrufen_contact-option__circle' is clicked on

2019-03-29 17:21:16 - [TEST_STEP][PASSED] - click(findTestObject("Object Repository/footer/Page_HOME  Publicare/img_schreiben_contact-option__icon")): Object: 'Object Repository/footer/Page_HOME  Publicare/img_schreiben_contact-option__icon' is clicked on

2019-03-29 17:21:17 - [MESSAGE][PASSED] - Object: 'Object Repository/footer/Page_HOME  Publicare/img_schreiben_contact-option__icon' is clicked on

2019-03-29 17:21:17 - [TEST_STEP][PASSED] - click(findTestObject("Object Repository/footer/Page_HOME  Publicare/h5_Kontakt")): Object: 'Object Repository/footer/Page_HOME  Publicare/h5_Kontakt' is clicked on

2019-03-29 17:21:17 - [MESSAGE][PASSED] - Object: 'Object Repository/footer/Page_HOME  Publicare/h5_Kontakt' is clicked on

2019-03-29 17:21:17 - [TEST_STEP][PASSED] - click(findTestObject("Object Repository/footer/Page_HOME  Publicare/h5_ffnungszeiten")): Object: 'Object Repository/footer/Page_HOME  Publicare/h5_ffnungszeiten' is clicked on

2019-03-29 17:21:17 - [MESSAGE][PASSED] - Object: 'Object Repository/footer/Page_HOME  Publicare/h5_ffnungszeiten' is clicked on

2019-03-29 17:21:17 - [TEST_STEP][PASSED] - click(findTestObject("Object Repository/footer/Page_HOME  Publicare/h5_ber Publicare")): Object: 'Object Repository/footer/Page_HOME  Publicare/h5_ber Publicare' is clicked on

2019-03-29 17:21:17 - [MESSAGE][PASSED] - Object: 'Object Repository/footer/Page_HOME  Publicare/h5_ber Publicare' is clicked on

2019-03-29 17:21:17 - [TEST_STEP][PASSED] - click(findTestObject("Object Repository/footer/Page_HOME  Publicare/h5_Publicare Stories")): Object: 'Object Repository/footer/Page_HOME  Publicare/h5_Publicare Stories' is clicked on

2019-03-29 17:21:19 - [MESSAGE][PASSED] - Object: 'Object Repository/footer/Page_HOME  Publicare/h5_Publicare Stories' is clicked on

2019-03-29 17:21:19 - [TEST_STEP][PASSED] - closeBrowser(): Browser is closed

2019-03-29 17:21:20 - [MESSAGE][PASSED] - Browser is closed]]></system-out>
         <system-err><![CDATA[]]></system-err>
      </testcase>
      <system-out><![CDATA[2019-03-29 17:20:55 - [TEST_SUITE][FAILED] - header_footer_test_suite: Test Cases/header FAILED.
Reason:
com.kms.katalon.core.exception.StepFailedException: Unable to click on object
	at com.kms.katalon.core.keyword.internal.KeywordMain.stepFailed(KeywordMain.groovy:48)
	at com.kms.katalon.core.webui.keyword.internal.WebUIKeywordMain.stepFailed(WebUIKeywordMain.groovy:65)
	at com.kms.katalon.core.webui.keyword.internal.WebUIKeywordMain.runKeyword(WebUIKeywordMain.groovy:27)
	at com.kms.katalon.core.webui.keyword.builtin.ClickKeyword.click(ClickKeyword.groovy:86)
	at com.kms.katalon.core.webui.keyword.builtin.ClickKeyword.execute(ClickKeyword.groovy:67)
	at com.kms.katalon.core.keyword.internal.KeywordExecutor.executeKeywordForPlatform(KeywordExecutor.groovy:56)
	at com.kms.katalon.core.webui.keyword.WebUiBuiltInKeywords.click(WebUiBuiltInKeywords.groovy:616)
	at com.kms.katalon.core.webui.keyword.WebUiBuiltInKeywords$click$1.call(Unknown Source)
	at header.run(header:20)
	at com.kms.katalon.core.main.ScriptEngine.run(ScriptEngine.java:194)
	at com.kms.katalon.core.main.ScriptEngine.runScriptAsRawText(ScriptEngine.java:119)
	at com.kms.katalon.core.main.TestCaseExecutor.runScript(TestCaseExecutor.java:331)
	at com.kms.katalon.core.main.TestCaseExecutor.doExecute(TestCaseExecutor.java:322)
	at com.kms.katalon.core.main.TestCaseExecutor.processExecutionPhase(TestCaseExecutor.java:301)
	at com.kms.katalon.core.main.TestCaseExecutor.accessMainPhase(TestCaseExecutor.java:293)
	at com.kms.katalon.core.main.TestCaseExecutor.execute(TestCaseExecutor.java:227)
	at com.kms.katalon.core.main.TestSuiteExecutor.accessTestCaseMainPhase(TestSuiteExecutor.java:129)
	at com.kms.katalon.core.main.TestSuiteExecutor.accessTestSuiteMainPhase(TestSuiteExecutor.java:112)
	at com.kms.katalon.core.main.TestSuiteExecutor.execute(TestSuiteExecutor.java:81)
	at com.kms.katalon.core.main.TestCaseMain.startTestSuite(TestCaseMain.java:157)
	at com.kms.katalon.core.main.TestCaseMain$startTestSuite$0.call(Unknown Source)
	at TempTestSuite1553860167199.run(TempTestSuite1553860167199.groovy:35)]]></system-out>
      <system-err><![CDATA[2019-03-29 17:20:55 - [TEST_SUITE][FAILED] - header_footer_test_suite: Test Cases/header FAILED.
Reason:
com.kms.katalon.core.exception.StepFailedException: Unable to click on object
	at com.kms.katalon.core.keyword.internal.KeywordMain.stepFailed(KeywordMain.groovy:48)
	at com.kms.katalon.core.webui.keyword.internal.WebUIKeywordMain.stepFailed(WebUIKeywordMain.groovy:65)
	at com.kms.katalon.core.webui.keyword.internal.WebUIKeywordMain.runKeyword(WebUIKeywordMain.groovy:27)
	at com.kms.katalon.core.webui.keyword.builtin.ClickKeyword.click(ClickKeyword.groovy:86)
	at com.kms.katalon.core.webui.keyword.builtin.ClickKeyword.execute(ClickKeyword.groovy:67)
	at com.kms.katalon.core.keyword.internal.KeywordExecutor.executeKeywordForPlatform(KeywordExecutor.groovy:56)
	at com.kms.katalon.core.webui.keyword.WebUiBuiltInKeywords.click(WebUiBuiltInKeywords.groovy:616)
	at com.kms.katalon.core.webui.keyword.WebUiBuiltInKeywords$click$1.call(Unknown Source)
	at header.run(header:20)
	at com.kms.katalon.core.main.ScriptEngine.run(ScriptEngine.java:194)
	at com.kms.katalon.core.main.ScriptEngine.runScriptAsRawText(ScriptEngine.java:119)
	at com.kms.katalon.core.main.TestCaseExecutor.runScript(TestCaseExecutor.java:331)
	at com.kms.katalon.core.main.TestCaseExecutor.doExecute(TestCaseExecutor.java:322)
	at com.kms.katalon.core.main.TestCaseExecutor.processExecutionPhase(TestCaseExecutor.java:301)
	at com.kms.katalon.core.main.TestCaseExecutor.accessMainPhase(TestCaseExecutor.java:293)
	at com.kms.katalon.core.main.TestCaseExecutor.execute(TestCaseExecutor.java:227)
	at com.kms.katalon.core.main.TestSuiteExecutor.accessTestCaseMainPhase(TestSuiteExecutor.java:129)
	at com.kms.katalon.core.main.TestSuiteExecutor.accessTestSuiteMainPhase(TestSuiteExecutor.java:112)
	at com.kms.katalon.core.main.TestSuiteExecutor.execute(TestSuiteExecutor.java:81)
	at com.kms.katalon.core.main.TestCaseMain.startTestSuite(TestCaseMain.java:157)
	at com.kms.katalon.core.main.TestCaseMain$startTestSuite$0.call(Unknown Source)
	at TempTestSuite1553860167199.run(TempTestSuite1553860167199.groovy:35)]]></system-err>
   </testsuite>
</testsuites>
